<?xml version="1.0" encoding="UTF-8"?>
<!-- Generated by org.testng.reporters.JUnitReportReporter -->
<testsuite hostname="DESKTOP-JTJ28NU" failures="0" tests="2" name="projectName.testScript.AlertPopup" time="29.013" errors="0" timestamp="2022-11-18T14:19:42 IST" skipped="0">
  <testcase classname="projectName.testScript.AlertPopup" name="alertPopup" time="14.136"/>
  <system-out/>
  <testcase classname="projectName.testScript.AlertPopup" name="alertPopup" time="14.877"/>
  <system-out/>
</testsuite> <!-- projectName.testScript.AlertPopup -->
