<?xml version="1.0" encoding="UTF-8"?>
<!-- Generated by org.testng.reporters.JUnitReportReporter -->
<testsuite hostname="DESKTOP-JTJ28NU" failures="0" tests="2" name="com.section3.HierarchyOfAnnotations" time="0.011" errors="0" timestamp="2022-11-13T18:49:21 IST" skipped="0">
  <testcase classname="com.section3.HierarchyOfAnnotations" name="test1" time="0.008"/>
  <system-out/>
  <testcase classname="com.section3.HierarchyOfAnnotations" name="test2" time="0.003"/>
  <system-out/>
</testsuite> <!-- com.section3.HierarchyOfAnnotations -->
