<?xml version="1.0" encoding="UTF-8"?>
<!-- Generated by org.testng.reporters.JUnitReportReporter -->
<testsuite hostname="DESKTOP-JTJ28NU" failures="0" tests="1" name="projectName.testScript.CustomerCreation" time="30.603" errors="0" timestamp="2022-11-18T15:31:47 IST" skipped="0">
  <testcase classname="projectName.testScript.CustomerCreation" name="customerCreation" time="30.603"/>
  <system-out/>
</testsuite> <!-- projectName.testScript.CustomerCreation -->
