<?xml version="1.0" encoding="UTF-8"?>
<!-- Generated by org.testng.reporters.JUnitReportReporter -->
<testsuite hostname="DESKTOP-JTJ28NU" failures="0" tests="5" name="com.section3.DemoDataProvider" time="220.372" errors="0" timestamp="2022-11-17T22:45:04 IST" skipped="0">
  <testcase classname="com.section3.DemoDataProvider" name="lognApplication" time="20.728"/>
  <system-out/>
  <testcase classname="com.section3.DemoDataProvider" name="lognApplication" time="45.543"/>
  <system-out/>
  <testcase classname="com.section3.DemoDataProvider" name="lognApplication" time="59.625"/>
  <system-out/>
  <testcase classname="com.section3.DemoDataProvider" name="lognApplication" time="69.892"/>
  <system-out/>
  <testcase classname="com.section3.DemoDataProvider" name="lognApplication" time="24.584"/>
  <system-out/>
</testsuite> <!-- com.section3.DemoDataProvider -->
