<?xml version="1.0" encoding="UTF-8"?>
<!-- Generated by org.testng.reporters.JUnitReportReporter -->
<testsuite hostname="DESKTOP-JTJ28NU" failures="0" tests="3" name="com.section3.test3" time="0.020" errors="0" timestamp="2022-11-10T14:35:46 IST" skipped="0">
  <testcase classname="com.section3.test3" name="a" time="0.001"/>
  <system-out/>
  <testcase classname="com.section3.test3" name="a" time="0.018"/>
  <system-out/>
  <testcase classname="com.section3.test3" name="a" time="0.001"/>
  <system-out/>
</testsuite> <!-- com.section3.test3 -->
