<?xml version="1.0" encoding="UTF-8"?>
<!-- Generated by org.testng.reporters.JUnitReportReporter -->
<testsuite hostname="DESKTOP-JTJ28NU" failures="0" tests="2" name="com.section3.test4" time="0.036" errors="0" timestamp="2022-12-22T14:27:00 IST" skipped="0">
  <testcase classname="com.section3.test4" name="signin" time="0.002"/>
  <system-out/>
  <testcase classname="com.section3.test4" name="signup" time="0.034"/>
  <system-out/>
</testsuite> <!-- com.section3.test4 -->
