<?xml version="1.0" encoding="UTF-8"?>
<!-- Generated by org.testng.reporters.JUnitReportReporter -->
<testsuite hostname="DESKTOP-JTJ28NU" failures="0" tests="3" name="com.section3.test1" time="0.011" errors="0" timestamp="2022-11-13T18:37:49 IST" skipped="0">
  <testcase classname="com.section3.test1" name="a" time="0.010"/>
  <system-out/>
  <testcase classname="com.section3.test1" name="m1" time="0.000"/>
  <system-out/>
  <testcase classname="com.section3.test1" name="m2" time="0.001"/>
  <system-out/>
</testsuite> <!-- com.section3.test1 -->
