<?xml version="1.0" encoding="UTF-8"?>
<!-- Generated by org.testng.reporters.JUnitReportReporter -->
<testsuite hostname="DESKTOP-JTJ28NU" failures="0" tests="1" name="projectName.testScript.HiddenDivisionPopup" time="49.929" errors="0" timestamp="2022-11-16T22:56:08 IST" skipped="0">
  <testcase classname="projectName.testScript.HiddenDivisionPopup" name="hiddenDivisionPopup" time="49.929"/>
  <system-out/>
</testsuite> <!-- projectName.testScript.HiddenDivisionPopup -->
