<?xml version="1.0" encoding="UTF-8"?>
<!-- Generated by org.testng.reporters.JUnitReportReporter -->
<testsuite hostname="DESKTOP-JTJ28NU" failures="0" tests="3" name="com.section3.test2" time="0.008" errors="0" timestamp="2022-11-15T13:35:37 IST" skipped="1">
  <testcase classname="com.section3.test2" name="m2" time="0.001"/>
  <system-out>
    <![CDATA[This is from m2() method]]>
  </system-out>
  <testcase classname="com.section3.test2" name="a" time="0.007"/>
  <system-out>
    <![CDATA[This from a() method]]>
  </system-out>
  <testcase classname="com.section3.test2" name="m1">
    <skipped/>
  </testcase> <!-- m1 -->
  <system-out/>
</testsuite> <!-- com.section3.test2 -->
