<?xml version="1.0" encoding="UTF-8"?>
<!-- Generated by org.testng.reporters.JUnitReportReporter -->
<testsuite hostname="DESKTOP-JTJ28NU" failures="0" tests="1" name="projectName.testScript.DropDown" time="49.317" errors="0" timestamp="2022-11-16T22:57:29 IST" skipped="0">
  <testcase classname="projectName.testScript.DropDown" name="dropdownHandling" time="49.317"/>
  <system-out/>
</testsuite> <!-- projectName.testScript.DropDown -->
