<?xml version="1.0" encoding="UTF-8"?>
<!-- Generated by org.testng.reporters.JUnitReportReporter -->
<testsuite hostname="DESKTOP-JTJ28NU" failures="0" tests="2" name="Practice.PracticeTest" time="0.003" errors="0" timestamp="2023-03-21T10:42:39 IST" skipped="0">
  <testcase classname="Practice.PracticeTest" name="a" time="0.003"/>
  <system-out/>
  <testcase classname="Practice.PracticeTest" name="m1" time="0.000"/>
  <system-out/>
</testsuite> <!-- Practice.PracticeTest -->
