<?xml version="1.0" encoding="UTF-8"?>
<!-- Generated by org.testng.reporters.JUnitReportReporter -->
<testsuite hostname="DESKTOP-JTJ28NU" failures="0" tests="1" name="AdminModule.UpdateTourTest" time="0.591" errors="0" timestamp="2023-03-08T14:34:36 IST" skipped="0">
  <testcase classname="AdminModule.UpdateTourTest" name="updateTour" time="0.591"/>
  <system-out/>
</testsuite> <!-- AdminModule.UpdateTourTest -->
