<?xml version="1.0" encoding="UTF-8"?>
<!-- Generated by org.testng.reporters.JUnitReportReporter -->
<testsuite hostname="DESKTOP-JTJ28NU" failures="0" tests="1" name="genericUtility.BaseClass" time="0.962" errors="0" timestamp="2023-03-08T11:07:58 IST" skipped="0">
  <testcase classname="genericUtility.BaseClass" name="createSpecBuilder" time="0.962"/>
  <system-out/>
</testsuite> <!-- genericUtility.BaseClass -->
