<?xml version="1.0" encoding="UTF-8"?>
<!-- Generated by org.testng.reporters.JUnitReportReporter -->
<testsuite hostname="DESKTOP-JTJ28NU" failures="0" tests="1" name="AdminModule.CreateTourTest" time="0.574" errors="0" timestamp="2023-03-08T14:33:52 IST" skipped="0">
  <testcase classname="AdminModule.CreateTourTest" name="createTour" time="0.574"/>
  <system-out/>
</testsuite> <!-- AdminModule.CreateTourTest -->
