<?xml version="1.0" encoding="UTF-8"?>
<!-- Generated by org.testng.reporters.JUnitReportReporter -->
<testsuite hostname="DESKTOP-JTJ28NU" failures="0" tests="1" name="Demo" time="18.657" errors="0" timestamp="2023-04-04T14:08:08 IST" skipped="0">
  <testcase classname="Demo" name="m" time="18.657"/>
  <system-out/>
</testsuite> <!-- Demo -->
