<?xml version="1.0" encoding="UTF-8"?>
<!-- Generated by org.testng.reporters.JUnitReportReporter -->
<testsuite hostname="DESKTOP-JTJ28NU" failures="0" tests="1" name="Authentication.UpdateBearerToken" time="2.686" errors="0" timestamp="2023-02-23T11:41:21 IST" skipped="0">
  <testcase classname="Authentication.UpdateBearerToken" name="update" time="2.686"/>
  <system-out/>
</testsuite> <!-- Authentication.UpdateBearerToken -->
