<?xml version="1.0" encoding="UTF-8"?>
<!-- Generated by org.testng.reporters.JUnitReportReporter -->
<testsuite hostname="DESKTOP-JTJ28NU" failures="0" tests="1" name="ThreeLayerTesting.CreateProjectUsingAPIVerifyInDb" time="391.016" errors="0" timestamp="2023-03-02T16:17:26 IST" skipped="0">
  <testcase classname="ThreeLayerTesting.CreateProjectUsingAPIVerifyInDb" name="createProject" time="391.016"/>
  <system-out/>
</testsuite> <!-- ThreeLayerTesting.CreateProjectUsingAPIVerifyInDb -->
