<?xml version="1.0" encoding="UTF-8"?>
<!-- Generated by org.testng.reporters.JUnitReportReporter -->
<testsuite hostname="DESKTOP-JTJ28NU" failures="0" tests="2" name="DataProvider.Ddt2" time="2.295" errors="0" timestamp="2023-04-05T15:02:15 IST" skipped="0">
  <testcase classname="DataProvider.Ddt2" name="ddt" time="2.204"/>
  <system-out/>
  <testcase classname="DataProvider.Ddt2" name="ddt" time="0.091"/>
  <system-out/>
</testsuite> <!-- DataProvider.Ddt2 -->
