<?xml version="1.0" encoding="UTF-8"?>
<!-- Generated by org.testng.reporters.JUnitReportReporter -->
<testsuite hostname="DESKTOP-JTJ28NU" failures="0" tests="1" name="DataProvider.ExcelFile" time="0.400" errors="0" timestamp="2023-04-03T23:16:31 IST" skipped="0">
  <testcase classname="DataProvider.ExcelFile" name="demo" time="0.400"/>
  <system-out/>
</testsuite> <!-- DataProvider.ExcelFile -->
