<?xml version="1.0" encoding="UTF-8"?>
<!-- Generated by org.testng.reporters.JUnitReportReporter -->
<testsuite hostname="DESKTOP-JTJ28NU" failures="0" tests="1" name="Practice.UploadImageInPetStore" time="2.906" errors="0" timestamp="2023-02-27T10:15:55 IST" skipped="0">
  <testcase classname="Practice.UploadImageInPetStore" name="uploadImage" time="2.906"/>
  <system-out/>
</testsuite> <!-- Practice.UploadImageInPetStore -->
