<?xml version="1.0" encoding="UTF-8"?>
<!-- Generated by org.testng.reporters.JUnitReportReporter -->
<testsuite hostname="DESKTOP-JTJ28NU" failures="0" tests="1" name="CRUDWITHBDD.GetAllProjects" time="6.478" errors="0" timestamp="2023-04-07T14:45:56 IST" skipped="0">
  <testcase classname="CRUDWITHBDD.GetAllProjects" name="getAllProjects" time="6.478"/>
  <system-out/>
</testsuite> <!-- CRUDWITHBDD.GetAllProjects -->
