<?xml version="1.0" encoding="UTF-8"?>
<!-- Generated by org.testng.reporters.JUnitReportReporter -->
<testsuite hostname="DESKTOP-JTJ28NU" failures="0" tests="1" name="Practice.EmployeeSerialization" time="0.131" errors="0" timestamp="2023-02-21T11:10:17 IST" skipped="0">
  <testcase classname="Practice.EmployeeSerialization" name="ser" time="0.131"/>
  <system-out/>
</testsuite> <!-- Practice.EmployeeSerialization -->
