<?xml version="1.0" encoding="UTF-8"?>
<!-- Generated by org.testng.reporters.JUnitReportReporter -->
<testsuite hostname="DESKTOP-JTJ28NU" failures="0" tests="1" name="APIPractice.post" time="2.055" errors="0" timestamp="2023-03-29T17:16:55 IST" skipped="0">
  <testcase classname="APIPractice.post" name="m" time="2.055"/>
  <system-out/>
</testsuite> <!-- APIPractice.post -->
