<?xml version="1.0" encoding="UTF-8"?>
<!-- Generated by org.testng.reporters.JUnitReportReporter -->
<testsuite hostname="DESKTOP-JTJ28NU" failures="0" tests="1" name="EmployeeDeserializationWithObject" time="0.133" errors="0" timestamp="2023-02-17T13:03:43 IST" skipped="0">
  <testcase classname="EmployeeDeserializationWithObject" name="empDeserializationObject" time="0.133"/>
  <system-out/>
</testsuite> <!-- EmployeeDeserializationWithObject -->
