<?xml version="1.0" encoding="UTF-8"?>
<!-- Generated by org.testng.reporters.JUnitReportReporter -->
<testsuite hostname="DESKTOP-JTJ28NU" failures="0" tests="1" name="Validation.DynamicResponseValidation" time="3.401" errors="0" timestamp="2023-02-21T15:56:29 IST" skipped="0">
  <testcase classname="Validation.DynamicResponseValidation" name="dynamicResp" time="3.401"/>
  <system-out/>
</testsuite> <!-- Validation.DynamicResponseValidation -->
