<?xml version="1.0" encoding="UTF-8"?>
<!-- Generated by org.testng.reporters.JUnitReportReporter -->
<testsuite hostname="DESKTOP-JTJ28NU" failures="0" tests="1" name="ReqAndResSpecBuilder.ReqSpecBuilder" time="1.511" errors="0" timestamp="2023-03-02T11:59:21 IST" skipped="0">
  <testcase classname="ReqAndResSpecBuilder.ReqSpecBuilder" name="reqSpecBuilder" time="1.511"/>
  <system-out/>
</testsuite> <!-- ReqAndResSpecBuilder.ReqSpecBuilder -->
