<?xml version="1.0" encoding="UTF-8"?>
<!-- Generated by org.testng.reporters.JUnitReportReporter -->
<testsuite hostname="DESKTOP-JTJ28NU" failures="0" tests="1" name="ThreeLayerTesting.CreatePackageInGUI" time="49.224" errors="0" timestamp="2023-03-02T14:06:04 IST" skipped="0">
  <testcase classname="ThreeLayerTesting.CreatePackageInGUI" name="createPackage" time="49.224"/>
  <system-out/>
</testsuite> <!-- ThreeLayerTesting.CreatePackageInGUI -->
