<?xml version="1.0" encoding="UTF-8"?>
<!-- Generated by org.testng.reporters.JUnitReportReporter -->
<testsuite hostname="DESKTOP-JTJ28NU" failures="0" tests="1" name="WAYSOfPOSTING.PojoClass" time="2.170" errors="0" timestamp="2023-02-20T14:47:44 IST" skipped="0">
  <testcase classname="WAYSOfPOSTING.PojoClass" name="createProject" time="2.170"/>
  <system-out/>
</testsuite> <!-- WAYSOfPOSTING.PojoClass -->
