<?xml version="1.0" encoding="UTF-8"?>
<!-- Generated by org.testng.reporters.JUnitReportReporter -->
<testsuite hostname="DESKTOP-JTJ28NU" failures="0" tests="1" name="CrudWithoutBDD.CreateProject" time="1.394" errors="0" timestamp="2023-02-21T11:12:47 IST" skipped="0">
  <testcase classname="CrudWithoutBDD.CreateProject" name="createProject" time="1.394"/>
  <system-out/>
</testsuite> <!-- CrudWithoutBDD.CreateProject -->
