<?xml version="1.0" encoding="UTF-8"?>
<!-- Generated by org.testng.reporters.JUnitReportReporter -->
<testsuite hostname="DESKTOP-JTJ28NU" failures="0" tests="1" name="ThreeLayerTesting.CreatePackageInAPIDeleteInAPI" time="3.213" errors="0" timestamp="2023-02-27T12:22:29 IST" skipped="0">
  <testcase classname="ThreeLayerTesting.CreatePackageInAPIDeleteInAPI" name="create" time="3.213"/>
  <system-out/>
</testsuite> <!-- ThreeLayerTesting.CreatePackageInAPIDeleteInAPI -->
