<?xml version="1.0" encoding="UTF-8"?>
<!-- Generated by org.testng.reporters.JUnitReportReporter -->
<testsuite hostname="DESKTOP-JTJ28NU" failures="0" tests="1" name="RequestChaining.RequestChaining" time="1.795" errors="0" timestamp="2023-02-22T11:04:30 IST" skipped="0">
  <testcase classname="RequestChaining.RequestChaining" name="reqChainin" time="1.795"/>
  <system-out/>
</testsuite> <!-- RequestChaining.RequestChaining -->
