<?xml version="1.0" encoding="UTF-8"?>
<!-- Generated by org.testng.reporters.JUnitReportReporter -->
<testsuite hostname="DESKTOP-JTJ28NU" failures="0" tests="1" name="Authentication.DigestiveAuth" time="1.872" errors="0" timestamp="2023-02-23T12:11:49 IST" skipped="0">
  <testcase classname="Authentication.DigestiveAuth" name="login" time="1.872"/>
  <system-out/>
</testsuite> <!-- Authentication.DigestiveAuth -->
