<?xml version="1.0" encoding="UTF-8"?>
<!-- Generated by org.testng.reporters.JUnitReportReporter -->
<testsuite hostname="DESKTOP-JTJ28NU" failures="0" tests="1" name="ThreeLayerTesting.VerifyProjectInDatabase" time="0.753" errors="0" timestamp="2023-02-24T16:38:42 IST" skipped="0">
  <testcase classname="ThreeLayerTesting.VerifyProjectInDatabase" name="getProject" time="0.753"/>
  <system-out/>
</testsuite> <!-- ThreeLayerTesting.VerifyProjectInDatabase -->
