<?xml version="1.0" encoding="UTF-8"?>
<!-- Generated by org.testng.reporters.JUnitReportReporter -->
<testsuite hostname="DESKTOP-JTJ28NU" failures="0" tests="1" name="Validation.PostReq" time="1.319" errors="0" timestamp="2023-02-28T12:27:51 IST" skipped="0">
  <testcase classname="Validation.PostReq" name="create" time="1.319"/>
  <system-out/>
</testsuite> <!-- Validation.PostReq -->
