<?xml version="1.0" encoding="UTF-8"?>
<!-- Generated by org.testng.reporters.JUnitReportReporter -->
<testsuite hostname="DESKTOP-JTJ28NU" failures="0" tests="1" name="ThreeLayerTesting.CreatePackageInAPIDeleteInAPIVerifyInGUI" time="844.635" errors="0" timestamp="2023-03-02T10:54:14 IST" skipped="0">
  <testcase classname="ThreeLayerTesting.CreatePackageInAPIDeleteInAPIVerifyInGUI" name="create" time="844.635"/>
  <system-out/>
</testsuite> <!-- ThreeLayerTesting.CreatePackageInAPIDeleteInAPIVerifyInGUI -->
