<?xml version="1.0" encoding="UTF-8"?>
<!-- Generated by org.testng.reporters.JUnitReportReporter -->
<testsuite hostname="DESKTOP-JTJ28NU" failures="0" tests="1" name="ThreeLayerTesting.CreateInGUIDeleteUsingAPIVerifyInDb" time="82.465" errors="0" timestamp="2023-03-02T12:59:25 IST" skipped="0">
  <testcase classname="ThreeLayerTesting.CreateInGUIDeleteUsingAPIVerifyInDb" name="createPackage" time="82.465"/>
  <system-out/>
</testsuite> <!-- ThreeLayerTesting.CreateInGUIDeleteUsingAPIVerifyInDb -->
