<?xml version="1.0" encoding="UTF-8"?>
<!-- Generated by org.testng.reporters.JUnitReportReporter -->
<testsuite hostname="DESKTOP-JTJ28NU" failures="0" tests="1" name="CRUDWITHBDD.UpdateProject" time="1.382" errors="0" timestamp="2023-02-20T13:13:34 IST" skipped="0">
  <testcase classname="CRUDWITHBDD.UpdateProject" name="updateProject" time="1.382"/>
  <system-out/>
</testsuite> <!-- CRUDWITHBDD.UpdateProject -->
