<?xml version="1.0" encoding="UTF-8"?>
<!-- Generated by org.testng.reporters.JUnitReportReporter -->
<testsuite hostname="DESKTOP-JTJ28NU" failures="0" tests="1" name="CRUDWITHBDD.CreateProject" time="2.135" errors="0" timestamp="2023-03-17T10:35:00 IST" skipped="0">
  <testcase classname="CRUDWITHBDD.CreateProject" name="createProject" time="2.135"/>
  <system-out/>
</testsuite> <!-- CRUDWITHBDD.CreateProject -->
