<?xml version="1.0" encoding="UTF-8"?>
<!-- Generated by org.testng.reporters.JUnitReportReporter -->
<testsuite hostname="DESKTOP-JTJ28NU" failures="0" tests="1" name="WAYSOfPOSTING.JSONObjectClass" time="1.412" errors="0" timestamp="2023-02-20T15:03:23 IST" skipped="0">
  <testcase classname="WAYSOfPOSTING.JSONObjectClass" name="createProject" time="1.412"/>
  <system-out/>
</testsuite> <!-- WAYSOfPOSTING.JSONObjectClass -->
