<?xml version="1.0" encoding="UTF-8"?>
<!-- Generated by org.testng.reporters.JUnitReportReporter -->
<testsuite hostname="DESKTOP-JTJ28NU" failures="0" tests="1" name="Authentication.deleteBearerToken" time="2.268" errors="0" timestamp="2023-02-23T12:15:49 IST" skipped="0">
  <testcase classname="Authentication.deleteBearerToken" name="deleteRepo" time="2.268"/>
  <system-out/>
</testsuite> <!-- Authentication.deleteBearerToken -->
