<?xml version="1.0" encoding="UTF-8"?>
<!-- Generated by org.testng.reporters.JUnitReportReporter -->
<testsuite hostname="DESKTOP-JTJ28NU" failures="0" tests="1" name="Response.WriteResponseToJsonFile" time="3.447" errors="0" timestamp="2023-02-26T21:02:40 IST" skipped="0">
  <testcase classname="Response.WriteResponseToJsonFile" name="write" time="3.447"/>
  <system-out/>
</testsuite> <!-- Response.WriteResponseToJsonFile -->
