<?xml version="1.0" encoding="UTF-8"?>
<!-- Generated by org.testng.reporters.JUnitReportReporter -->
<testsuite hostname="DESKTOP-JTJ28NU" failures="0" tests="1" name="Practice.ArrayOfObjectsDemo" time="0.412" errors="0" timestamp="2023-02-22T17:35:21 IST" skipped="0">
  <testcase classname="Practice.ArrayOfObjectsDemo" name="demo" time="0.412"/>
  <system-out/>
</testsuite> <!-- Practice.ArrayOfObjectsDemo -->
