<?xml version="1.0" encoding="UTF-8"?>
<!-- Generated by org.testng.reporters.JUnitReportReporter -->
<testsuite hostname="DESKTOP-JTJ28NU" failures="0" tests="3" name="Parameters.PathParameter" time="1.506" errors="0" timestamp="2023-02-20T17:28:06 IST" skipped="0">
  <testcase classname="Parameters.PathParameter" name="getSingleProject" time="1.158"/>
  <system-out/>
  <testcase classname="Parameters.PathParameter" name="updateProject" time="0.280"/>
  <system-out/>
  <testcase classname="Parameters.PathParameter" name="deleteProject" time="0.068"/>
  <system-out/>
</testsuite> <!-- Parameters.PathParameter -->
