<?xml version="1.0" encoding="UTF-8"?>
<!-- Generated by org.testng.reporters.JUnitReportReporter -->
<testsuite hostname="DESKTOP-JTJ28NU" failures="0" tests="1" name="ThreeLayerTesting.CreatePackageInGUIVerifyInAPIAndDb" time="79.212" errors="0" timestamp="2023-03-02T17:10:40 IST" skipped="0">
  <testcase classname="ThreeLayerTesting.CreatePackageInGUIVerifyInAPIAndDb" name="createPackage" time="79.212"/>
  <system-out/>
</testsuite> <!-- ThreeLayerTesting.CreatePackageInGUIVerifyInAPIAndDb -->
