<?xml version="1.0" encoding="UTF-8"?>
<!-- Generated by org.testng.reporters.JUnitReportReporter -->
<testsuite hostname="DESKTOP-JTJ28NU" failures="0" tests="1" name="CRUDWITHBDD.cp" time="2.780" errors="0" timestamp="2023-04-07T14:44:09 IST" skipped="0">
  <testcase classname="CRUDWITHBDD.cp" name="m" time="2.780"/>
  <system-out/>
</testsuite> <!-- CRUDWITHBDD.cp -->
