<?xml version="1.0" encoding="UTF-8"?>
<!-- Generated by org.testng.reporters.JUnitReportReporter -->
<testsuite hostname="DESKTOP-JTJ28NU" failures="0" tests="1" name="Practice.Cookies" time="1.872" errors="0" timestamp="2023-03-03T10:45:41 IST" skipped="0">
  <testcase classname="Practice.Cookies" name="sendCookie" time="1.872"/>
  <system-out/>
</testsuite> <!-- Practice.Cookies -->
