<?xml version="1.0" encoding="UTF-8"?>
<!-- Generated by org.testng.reporters.JUnitReportReporter -->
<testsuite hostname="DESKTOP-JTJ28NU" failures="0" tests="1" name="Validation.StaticResponse" time="2.572" errors="0" timestamp="2023-02-21T15:59:43 IST" skipped="0">
  <testcase classname="Validation.StaticResponse" name="get" time="2.572"/>
  <system-out/>
</testsuite> <!-- Validation.StaticResponse -->
