<?xml version="1.0" encoding="UTF-8"?>
<!-- Generated by org.testng.reporters.JUnitReportReporter -->
<testsuite hostname="DESKTOP-JTJ28NU" failures="0" tests="1" name="ThreeLayerTesting.CreateProject" time="4.018" errors="0" timestamp="2023-02-24T13:42:16 IST" skipped="0">
  <testcase classname="ThreeLayerTesting.CreateProject" name="create" time="4.018"/>
  <system-out/>
</testsuite> <!-- ThreeLayerTesting.CreateProject -->
