<?xml version="1.0" encoding="UTF-8"?>
<!-- Generated by org.testng.reporters.JUnitReportReporter -->
<testsuite hostname="DESKTOP-JTJ28NU" failures="0" tests="1" name="Practice.getAllProjectW" time="2.445" errors="0" timestamp="2023-02-21T11:46:35 IST" skipped="0">
  <testcase classname="Practice.getAllProjectW" name="get" time="2.445"/>
  <system-out/>
</testsuite> <!-- Practice.getAllProjectW -->
