<?xml version="1.0" encoding="UTF-8"?>
<!-- Generated by org.testng.reporters.JUnitReportReporter -->
<testsuite hostname="DESKTOP-JTJ28NU" failures="0" tests="1" name="Practice.getSingleProjectW" time="1.137" errors="0" timestamp="2023-02-21T11:39:41 IST" skipped="0">
  <testcase classname="Practice.getSingleProjectW" name="get" time="1.137"/>
  <system-out/>
</testsuite> <!-- Practice.getSingleProjectW -->
