<?xml version="1.0" encoding="UTF-8"?>
<!-- Generated by org.testng.reporters.JUnitReportReporter -->
<testsuite hostname="DESKTOP-JTJ28NU" failures="0" tests="1" name="Validation.HeaderValidation" time="1.775" errors="0" timestamp="2023-03-01T09:39:07 IST" skipped="0">
  <testcase classname="Validation.HeaderValidation" name="getSingleProject" time="1.775"/>
  <system-out/>
</testsuite> <!-- Validation.HeaderValidation -->
