<?xml version="1.0" encoding="UTF-8"?>
<!-- Generated by org.testng.reporters.JUnitReportReporter -->
<testsuite hostname="DESKTOP-JTJ28NU" failures="0" tests="1" name="CrudWithoutBDD.GetAllProjects" time="3.273" errors="0" timestamp="2023-02-20T09:27:28 IST" skipped="0">
  <testcase classname="CrudWithoutBDD.GetAllProjects" name="getAllProjects" time="3.273"/>
  <system-out/>
</testsuite> <!-- CrudWithoutBDD.GetAllProjects -->
