<?xml version="1.0" encoding="UTF-8"?>
<!-- Generated by org.testng.reporters.JUnitReportReporter -->
<testsuite hostname="DESKTOP-JTJ28NU" failures="0" tests="1" name="WAYSOfPOSTING.PropertiesPost" time="2.093" errors="0" timestamp="2023-02-20T16:07:46 IST" skipped="0">
  <testcase classname="WAYSOfPOSTING.PropertiesPost" name="createProject" time="2.093"/>
  <system-out/>
</testsuite> <!-- WAYSOfPOSTING.PropertiesPost -->
