<?xml version="1.0" encoding="UTF-8"?>
<!-- Generated by org.testng.reporters.JUnitReportReporter -->
<testsuite hostname="DESKTOP-JTJ28NU" failures="0" tests="1" name="CrudWithoutBDD.UpdateProject" time="1.348" errors="0" timestamp="2023-02-17T17:04:32 IST" skipped="0">
  <testcase classname="CrudWithoutBDD.UpdateProject" name="updateProject" time="1.348"/>
  <system-out/>
</testsuite> <!-- CrudWithoutBDD.UpdateProject -->
