<?xml version="1.0" encoding="UTF-8"?>
<!-- Generated by org.testng.reporters.JUnitReportReporter -->
<testsuite hostname="DESKTOP-JTJ28NU" failures="0" tests="1" name="ThreeLayerTesting.DeleteProject" time="22.944" errors="0" timestamp="2023-02-27T11:08:53 IST" skipped="0">
  <testcase classname="ThreeLayerTesting.DeleteProject" name="deleteProject" time="22.944"/>
  <system-out/>
</testsuite> <!-- ThreeLayerTesting.DeleteProject -->
