<?xml version="1.0" encoding="UTF-8"?>
<!-- Generated by org.testng.reporters.JUnitReportReporter -->
<testsuite hostname="DESKTOP-JTJ28NU" failures="0" tests="4" name="DataProvider.DataDrivenTesting" time="1.993" errors="0" timestamp="2023-04-05T12:30:27 IST" skipped="0">
  <testcase classname="DataProvider.DataDrivenTesting" name="ddt" time="1.702"/>
  <system-out/>
  <testcase classname="DataProvider.DataDrivenTesting" name="ddt" time="0.118"/>
  <system-out/>
  <testcase classname="DataProvider.DataDrivenTesting" name="ddt" time="0.080"/>
  <system-out/>
  <testcase classname="DataProvider.DataDrivenTesting" name="ddt" time="0.093"/>
  <system-out/>
</testsuite> <!-- DataProvider.DataDrivenTesting -->
