<?xml version="1.0" encoding="UTF-8"?>
<!-- Generated by org.testng.reporters.JUnitReportReporter -->
<testsuite hostname="DESKTOP-JTJ28NU" failures="0" tests="1" name="WAYSOfPOSTING.JSONFile" time="1.269" errors="0" timestamp="2023-02-20T15:06:43 IST" skipped="0">
  <testcase classname="WAYSOfPOSTING.JSONFile" name="createPackage" time="1.269"/>
  <system-out/>
</testsuite> <!-- WAYSOfPOSTING.JSONFile -->
