<?xml version="1.0" encoding="UTF-8"?>
<!-- Generated by org.testng.reporters.JUnitReportReporter -->
<testsuite hostname="DESKTOP-JTJ28NU" failures="0" tests="1" name="Practice.CreateProjectWithoutBDD" time="1.690" errors="0" timestamp="2023-02-21T11:13:42 IST" skipped="0">
  <testcase classname="Practice.CreateProjectWithoutBDD" name="create" time="1.690"/>
  <system-out/>
</testsuite> <!-- Practice.CreateProjectWithoutBDD -->
