<?xml version="1.0" encoding="UTF-8"?>
<!-- Generated by org.testng.reporters.JUnitReportReporter -->
<testsuite hostname="DESKTOP-JTJ28NU" failures="0" tests="1" name="Validation.DynamicResponse" time="2.556" errors="0" timestamp="2023-02-21T16:06:32 IST" skipped="0">
  <testcase classname="Validation.DynamicResponse" name="response" time="2.556"/>
  <system-out/>
</testsuite> <!-- Validation.DynamicResponse -->
