<?xml version="1.0" encoding="UTF-8"?>
<!-- Generated by org.testng.reporters.JUnitReportReporter -->
<testsuite hostname="DESKTOP-JTJ28NU" failures="0" tests="1" name="Parameters.QueryParameter" time="2.700" errors="0" timestamp="2023-02-20T17:35:15 IST" skipped="0">
  <testcase classname="Parameters.QueryParameter" name="getPage" time="2.700"/>
  <system-out/>
</testsuite> <!-- Parameters.QueryParameter -->
