<?xml version="1.0" encoding="UTF-8"?>
<!-- Generated by org.testng.reporters.JUnitReportReporter -->
<testsuite hostname="DESKTOP-JTJ28NU" failures="0" tests="1" name="Practice.EmployeeDeserialization" time="0.018" errors="0" timestamp="2023-02-21T11:10:17 IST" skipped="0">
  <testcase classname="Practice.EmployeeDeserialization" name="deser" time="0.018"/>
  <system-out/>
</testsuite> <!-- Practice.EmployeeDeserialization -->
