<?xml version="1.0" encoding="UTF-8"?>
<!-- Generated by org.testng.reporters.JUnitReportReporter -->
<testsuite hostname="DESKTOP-JTJ28NU" failures="0" tests="1" name="WAYSOfPOSTING.HashMapDemo" time="3.397" errors="0" timestamp="2023-02-20T15:50:41 IST" skipped="0">
  <testcase classname="WAYSOfPOSTING.HashMapDemo" name="createProject" time="3.397"/>
  <system-out/>
</testsuite> <!-- WAYSOfPOSTING.HashMapDemo -->
