<?xml version="1.0" encoding="UTF-8"?>
<!-- Generated by org.testng.reporters.JUnitReportReporter -->
<testsuite hostname="DESKTOP-JTJ28NU" failures="0" tests="1" name="EmployeeSerializationWithArray" time="0.151" errors="0" timestamp="2023-02-17T12:21:16 IST" skipped="0">
  <testcase classname="EmployeeSerializationWithArray" name="serializationWithArray" time="0.151"/>
  <system-out/>
</testsuite> <!-- EmployeeSerializationWithArray -->
