<?xml version="1.0" encoding="UTF-8"?>
<!-- Generated by org.testng.reporters.JUnitReportReporter -->
<testsuite hostname="DESKTOP-JTJ28NU" failures="0" tests="1" name="CrudWithoutBDD.DeleteProject" time="1.729" errors="0" timestamp="2023-02-17T16:54:43 IST" skipped="0">
  <testcase classname="CrudWithoutBDD.DeleteProject" name="deleteProject" time="1.729"/>
  <system-out/>
</testsuite> <!-- CrudWithoutBDD.DeleteProject -->
