<?xml version="1.0" encoding="UTF-8"?>
<!-- Generated by org.testng.reporters.JUnitReportReporter -->
<testsuite hostname="DESKTOP-JTJ28NU" failures="0" tests="1" name="ThreeLayerTesting.CreateInGUIVerifyInDbDeleteUsingAPI" time="80.411" errors="0" timestamp="2023-03-02T16:24:02 IST" skipped="0">
  <testcase classname="ThreeLayerTesting.CreateInGUIVerifyInDbDeleteUsingAPI" name="createPackage" time="80.411"/>
  <system-out/>
</testsuite> <!-- ThreeLayerTesting.CreateInGUIVerifyInDbDeleteUsingAPI -->
