<?xml version="1.0" encoding="UTF-8"?>
<!-- Generated by org.testng.reporters.JUnitReportReporter -->
<testsuite hostname="DESKTOP-JTJ28NU" failures="0" tests="1" name="Response.Cookies" time="1.679" errors="0" timestamp="2023-02-26T21:45:43 IST" skipped="0">
  <testcase classname="Response.Cookies" name="sendCookie" time="1.679"/>
  <system-out/>
</testsuite> <!-- Response.Cookies -->
