<?xml version="1.0" encoding="UTF-8"?>
<!-- Generated by org.testng.reporters.JUnitReportReporter -->
<testsuite hostname="DESKTOP-JTJ28NU" failures="0" tests="1" name="Authentication.GetBearerToken" time="3.406" errors="0" timestamp="2023-02-23T12:18:54 IST" skipped="0">
  <testcase classname="Authentication.GetBearerToken" name="getRepo" time="3.406"/>
  <system-out/>
</testsuite> <!-- Authentication.GetBearerToken -->
