<?xml version="1.0" encoding="UTF-8"?>
<!-- Generated by org.testng.reporters.JUnitReportReporter -->
<testsuite hostname="DESKTOP-JTJ28NU" failures="0" tests="1" name="EmployeeDeserialization" time="0.220" errors="0" timestamp="2023-02-17T12:17:54 IST" skipped="0">
  <testcase classname="EmployeeDeserialization" name="employeedeserialization" time="0.220"/>
  <system-out/>
</testsuite> <!-- EmployeeDeserialization -->
