<?xml version="1.0" encoding="UTF-8"?>
<!-- Generated by org.testng.reporters.JUnitReportReporter -->
<testsuite hostname="DESKTOP-JTJ28NU" failures="0" tests="1" name="CrudWithoutBDD.GetSingleProject" time="1.753" errors="0" timestamp="2023-02-20T10:04:12 IST" skipped="0">
  <testcase classname="CrudWithoutBDD.GetSingleProject" name="getSingleProject" time="1.753"/>
  <system-out/>
</testsuite> <!-- CrudWithoutBDD.GetSingleProject -->
