<?xml version="1.0" encoding="UTF-8"?>
<!-- Generated by org.testng.reporters.JUnitReportReporter -->
<testsuite hostname="DESKTOP-JTJ28NU" failures="0" tests="1" name="CRUDWITHBDD.DeleteProject" time="2.243" errors="0" timestamp="2023-02-27T11:55:13 IST" skipped="0">
  <testcase classname="CRUDWITHBDD.DeleteProject" name="deleteProject" time="2.243"/>
  <system-out/>
</testsuite> <!-- CRUDWITHBDD.DeleteProject -->
