<?xml version="1.0" encoding="UTF-8"?>
<!-- Generated by org.testng.reporters.JUnitReportReporter -->
<testsuite hostname="DESKTOP-JTJ28NU" failures="0" tests="1" name="SerializationAndDeserialization.EmployeeSerialization" time="0.207" errors="0" timestamp="2023-02-21T17:36:14 IST" skipped="0">
  <testcase classname="SerializationAndDeserialization.EmployeeSerialization" name="employeeSerialization" time="0.207"/>
  <system-out/>
</testsuite> <!-- SerializationAndDeserialization.EmployeeSerialization -->
