<?xml version="1.0" encoding="UTF-8"?>
<!-- Generated by org.testng.reporters.JUnitReportReporter -->
<testsuite hostname="DESKTOP-JTJ28NU" failures="0" tests="1" name="EmployeeSerialization" time="0.129" errors="0" timestamp="2023-02-17T13:08:30 IST" skipped="0">
  <testcase classname="EmployeeSerialization" name="employeeSerialization" time="0.129"/>
  <system-out/>
</testsuite> <!-- EmployeeSerialization -->
