<?xml version="1.0" encoding="UTF-8"?>
<!-- Generated by org.testng.reporters.JUnitReportReporter -->
<testsuite hostname="DESKTOP-JTJ28NU" failures="0" tests="3" name="ThreeLayerTesting.CreateAPIInGUI" time="38.061" errors="0" timestamp="2023-02-24T17:46:13 IST" skipped="0">
  <testcase classname="ThreeLayerTesting.CreateAPIInGUI" name="createPackage" time="34.316"/>
  <system-out/>
  <testcase classname="ThreeLayerTesting.CreateAPIInGUI" name="fetchProject" time="3.271"/>
  <system-out/>
  <testcase classname="ThreeLayerTesting.CreateAPIInGUI" name="verifyProjDb" time="0.474"/>
  <system-out/>
</testsuite> <!-- ThreeLayerTesting.CreateAPIInGUI -->
