<?xml version="1.0" encoding="UTF-8"?>
<!-- Generated by org.testng.reporters.JUnitReportReporter -->
<testsuite hostname="DESKTOP-JTJ28NU" failures="0" tests="1" name="RequestChaining.ReqChaWithPathParam" time="1.824" errors="0" timestamp="2023-02-22T11:11:36 IST" skipped="0">
  <testcase classname="RequestChaining.ReqChaWithPathParam" name="requestChaining" time="1.824"/>
  <system-out/>
</testsuite> <!-- RequestChaining.ReqChaWithPathParam -->
