<?xml version="1.0" encoding="UTF-8"?>
<!-- Generated by org.testng.reporters.JUnitReportReporter -->
<testsuite hostname="DESKTOP-JTJ28NU" failures="0" tests="1" name="ThreeLayerTesting.CreateProjectDbVerifyInDbAndGUI" time="96.902" errors="0" timestamp="2023-03-02T17:12:51 IST" skipped="0">
  <testcase classname="ThreeLayerTesting.CreateProjectDbVerifyInDbAndGUI" name="createProject" time="96.902"/>
  <system-out/>
</testsuite> <!-- ThreeLayerTesting.CreateProjectDbVerifyInDbAndGUI -->
