<?xml version="1.0" encoding="UTF-8"?>
<!-- Generated by org.testng.reporters.JUnitReportReporter -->
<testsuite hostname="DESKTOP-JTJ28NU" failures="0" tests="1" name="Practice.JSONFile" time="1.268" errors="0" timestamp="2023-02-21T10:24:37 IST" skipped="0">
  <testcase classname="Practice.JSONFile" name="post" time="1.268"/>
  <system-out/>
</testsuite> <!-- Practice.JSONFile -->
