<?xml version="1.0" encoding="UTF-8"?>
<!-- Generated by org.testng.reporters.JUnitReportReporter -->
<testsuite hostname="DESKTOP-JTJ28NU" failures="0" tests="1" name="Validation.BodyValidation" time="2.053" errors="0" timestamp="2023-02-28T13:00:55 IST" skipped="0">
  <testcase classname="Validation.BodyValidation" name="create" time="2.053"/>
  <system-out/>
</testsuite> <!-- Validation.BodyValidation -->
