<?xml version="1.0" encoding="UTF-8"?>
<!-- Generated by org.testng.reporters.JUnitReportReporter -->
<testsuite hostname="DESKTOP-JTJ28NU" failures="0" tests="1" name="Authentication.BearerToken" time="3.001" errors="0" timestamp="2023-02-26T20:14:02 IST" skipped="0">
  <testcase classname="Authentication.BearerToken" name="createRepo" time="3.001"/>
  <system-out/>
</testsuite> <!-- Authentication.BearerToken -->
