<?xml version="1.0" encoding="UTF-8"?>
<!-- Generated by org.testng.reporters.JUnitReportReporter -->
<testsuite hostname="DESKTOP-JTJ28NU" failures="0" tests="1" name="Authentication.oauth2" time="3.265" errors="0" timestamp="2023-02-23T15:50:57 IST" skipped="0">
  <testcase classname="Authentication.oauth2" name="authent" time="3.265"/>
  <system-out/>
</testsuite> <!-- Authentication.oauth2 -->
