<?xml version="1.0" encoding="UTF-8"?>
<!-- Generated by org.testng.reporters.JUnitReportReporter -->
<testsuite hostname="DESKTOP-JTJ28NU" failures="0" tests="1" name="SerializationAndDeserialization.ArrayOfObjectsDeserialization" time="0.303" errors="0" timestamp="2023-02-22T17:43:58 IST" skipped="0">
  <testcase classname="SerializationAndDeserialization.ArrayOfObjectsDeserialization" name="deserialization" time="0.303"/>
  <system-out/>
</testsuite> <!-- SerializationAndDeserialization.ArrayOfObjectsDeserialization -->
