<?xml version="1.0" encoding="UTF-8"?>
<!-- Generated by org.testng.reporters.JUnitReportReporter -->
<testsuite hostname="DESKTOP-JTJ28NU" failures="0" tests="1" name="EmployeeDeserializationWithArry" time="0.222" errors="0" timestamp="2023-02-17T12:26:27 IST" skipped="0">
  <testcase classname="EmployeeDeserializationWithArry" name="empDeserialization" time="0.222"/>
  <system-out/>
</testsuite> <!-- EmployeeDeserializationWithArry -->
